C:\Users\User\source\repos\WebApplication2\dist\out-tsc\ClientApp\app\app-routing.module.js
C:\Users\User\source\repos\WebApplication2\dist\out-tsc\ClientApp\app\app-routing.module.js.map
C:\Users\User\source\repos\WebApplication2\dist\out-tsc\ClientApp\app\app.component.js
C:\Users\User\source\repos\WebApplication2\dist\out-tsc\ClientApp\app\app.component.js.map
C:\Users\User\source\repos\WebApplication2\dist\out-tsc\ClientApp\app\shared\dataService.js
C:\Users\User\source\repos\WebApplication2\dist\out-tsc\ClientApp\app\shared\dataService.js.map
C:\Users\User\source\repos\WebApplication2\dist\out-tsc\ClientApp\app\shop\productList.component.js
C:\Users\User\source\repos\WebApplication2\dist\out-tsc\ClientApp\app\shop\productList.component.js.map
C:\Users\User\source\repos\WebApplication2\dist\out-tsc\ClientApp\app\app.module.js
C:\Users\User\source\repos\WebApplication2\dist\out-tsc\ClientApp\app\app.module.js.map
C:\Users\User\source\repos\WebApplication2\dist\out-tsc\ClientApp\environments\environment.js
C:\Users\User\source\repos\WebApplication2\dist\out-tsc\ClientApp\environments\environment.js.map
C:\Users\User\source\repos\WebApplication2\dist\out-tsc\ClientApp\main.js
C:\Users\User\source\repos\WebApplication2\dist\out-tsc\ClientApp\main.js.map
C:\Users\User\source\repos\WebApplication2\dist\out-tsc\ClientApp\polyfills.js
C:\Users\User\source\repos\WebApplication2\dist\out-tsc\ClientApp\polyfills.js.map
C:\Users\User\source\repos\WebApplication2\dist\out-tsc\ClientApp\test.js
C:\Users\User\source\repos\WebApplication2\dist\out-tsc\ClientApp\test.js.map
C:\Users\User\source\repos\WebApplication2\dist\out-tsc\ClientApp\app\shared\product.js
C:\Users\User\source\repos\WebApplication2\dist\out-tsc\ClientApp\app\shared\product.js.map
C:\Users\User\source\repos\WebApplication2\dist\out-tsc\ClientApp\environments\environment.prod.js
C:\Users\User\source\repos\WebApplication2\dist\out-tsc\ClientApp\environments\environment.prod.js.map
C:\Users\User\source\repos\WebApplication2\dist\out-tsc\web-app\e2e\src\app.po.js
C:\Users\User\source\repos\WebApplication2\dist\out-tsc\web-app\e2e\src\app.po.js.map
C:\Users\User\source\repos\WebApplication2\dist\out-tsc\web-app\e2e\src\app.e2e-spec.js
C:\Users\User\source\repos\WebApplication2\dist\out-tsc\web-app\e2e\src\app.e2e-spec.js.map
C:\Users\User\source\repos\WebApplication2\dist\out-tsc\web-app\src\app\app-routing.module.js
C:\Users\User\source\repos\WebApplication2\dist\out-tsc\web-app\src\app\app-routing.module.js.map
C:\Users\User\source\repos\WebApplication2\dist\out-tsc\web-app\src\app\app.component.js
C:\Users\User\source\repos\WebApplication2\dist\out-tsc\web-app\src\app\app.component.js.map
C:\Users\User\source\repos\WebApplication2\dist\out-tsc\web-app\src\app\app.module.js
C:\Users\User\source\repos\WebApplication2\dist\out-tsc\web-app\src\app\app.module.js.map
C:\Users\User\source\repos\WebApplication2\dist\out-tsc\web-app\src\environments\environment.js
C:\Users\User\source\repos\WebApplication2\dist\out-tsc\web-app\src\environments\environment.js.map
C:\Users\User\source\repos\WebApplication2\dist\out-tsc\web-app\src\main.js
C:\Users\User\source\repos\WebApplication2\dist\out-tsc\web-app\src\main.js.map
C:\Users\User\source\repos\WebApplication2\dist\out-tsc\web-app\src\polyfills.js
C:\Users\User\source\repos\WebApplication2\dist\out-tsc\web-app\src\polyfills.js.map
C:\Users\User\source\repos\WebApplication2\dist\out-tsc\web-app\src\test.js
C:\Users\User\source\repos\WebApplication2\dist\out-tsc\web-app\src\test.js.map
C:\Users\User\source\repos\WebApplication2\dist\out-tsc\web-app\src\environments\environment.prod.js
C:\Users\User\source\repos\WebApplication2\dist\out-tsc\web-app\src\environments\environment.prod.js.map
C:\Users\User\source\repos\WebApplication2\dist\out-tsc\wwwroot\ts\main.js
C:\Users\User\source\repos\WebApplication2\dist\out-tsc\wwwroot\ts\main.js.map
C:\Users\User\source\repos\WebApplication2\dist\out-tsc\wwwroot\ts\storeCustomer.js
C:\Users\User\source\repos\WebApplication2\dist\out-tsc\wwwroot\ts\storeCustomer.js.map
